<?xml version="1.0" encoding="UTF-8"?>
<robot generator="Robot 7.4.2 (Python 3.10.12 on linux)" generated="2026-04-27T15:52:24.068721" rpa="false" schemaversion="5">
<suite id="s1" name="Worker Test" source="/tests/worker_test.robot">
<test id="s1-t1" name="Suorita E2E Smoke Test" line="11">
<kw name="New Browser" owner="Browser">
<msg time="2026-04-27T15:52:24.247290" level="INFO">{"browser": "chromium", "headless": true, "chromiumSandbox": false, "devtools": false, "handleSIGHUP": true, "handleSIGINT": true, "handleSIGTERM": true, "slowMo": 0.0, "timeout": 30000.0, "tracesDir": "/tests/results/browser/traces/temp/868ef6ce-7153-4f5e-add6-8051d2f25963"}</msg>
<msg time="2026-04-27T15:52:24.252727" level="INFO">Starting Browser process /opt/venv/lib/python3.10/site-packages/Browser/wrapper/index.js using at 127.0.0.1:40959</msg>
<msg time="2026-04-27T15:52:24.899647" level="INFO">Successfully created browser with options: {"browser":"chromium","headless":true,"chromiumSandbox":false,"devtools":false,"handleSIGHUP":true,"handleSIGINT":true,"handleSIGTERM":true,"slowMo":0,"timeout":30000,"tracesDir":"/tests/results/browser/traces/temp/868ef6ce-7153-4f5e-add6-8051d2f25963"}</msg>
<arg>browser=chromium</arg>
<arg>headless=True</arg>
<tag>BrowserControl</tag>
<tag>Setter</tag>
<doc>Create a new playwright Browser with specified options.</doc>
<status status="PASS" start="2026-04-27T15:52:24.245318" elapsed="0.654501"/>
</kw>
<kw name="New Context" owner="Browser">
<msg time="2026-04-27T15:52:24.901950" level="INFO">{
  "acceptDownloads": true,
  "bypassCSP": false,
  "forcedColors": "none",
  "ignoreHTTPSErrors": false,
  "javaScriptEnabled": true,
  "offline": false,
  "reducedMotion": "no-preference",
  "serviceWorkers": "allow",
  "viewport": {
    "width": 1920,
    "height": 1080
  }
}</msg>
<msg time="2026-04-27T15:52:24.911884" level="INFO">Successfully created context. </msg>
<msg time="2026-04-27T15:52:24.911978" level="INFO">{'acceptDownloads': True, 'bypassCSP': False, 'forcedColors': 'none', 'ignoreHTTPSErrors': False, 'javaScriptEnabled': True, 'offline': False, 'reducedMotion': 'no-preference', 'serviceWorkers': 'allow', 'viewport': {'width': 1920, 'height': 1080}}</msg>
<arg>viewport={'width': 1920, 'height': 1080}</arg>
<tag>BrowserControl</tag>
<tag>Setter</tag>
<doc>Create a new BrowserContext with specified options.</doc>
<status status="PASS" start="2026-04-27T15:52:24.900035" elapsed="0.012028"/>
</kw>
<kw name="New Page" owner="Browser">
<msg time="2026-04-27T15:52:25.257916" level="INFO">Successfully initialized new page object and opened url: https://tuomasleinonen.store</msg>
<arg>${FRONTEND_URL}</arg>
<tag>BrowserControl</tag>
<tag>Setter</tag>
<doc>Open a new Page.</doc>
<status status="PASS" start="2026-04-27T15:52:24.912261" elapsed="0.345891"/>
</kw>
<kw name="Wait For Elements State" owner="Browser">
<msg time="2026-04-27T15:52:25.556673" level="INFO">Waited for Element with selector css=h1 at state visible</msg>
<arg>css=h1</arg>
<arg>visible</arg>
<arg>timeout=15s</arg>
<tag>PageContent</tag>
<tag>Wait</tag>
<doc>Waits for the element found by ``selector`` to satisfy state option.</doc>
<status status="PASS" start="2026-04-27T15:52:25.258394" elapsed="0.298629"/>
</kw>
<kw name="Take Screenshot" owner="Browser">
<msg time="2026-04-27T15:52:25.663906" level="INFO" html="true">&lt;/td&gt;&lt;/tr&gt;&lt;tr&gt;&lt;td colspan="3"&gt;&lt;a href="browser/screenshot/1_etusivu.png" target="_blank"&gt;&lt;img src="browser/screenshot/1_etusivu.png" width="800px"/&gt;&lt;/a&gt;</msg>
<arg>filename=1_etusivu</arg>
<tag>PageContent</tag>
<doc>Takes a screenshot of the current window or element and saves it to disk.</doc>
<status status="PASS" start="2026-04-27T15:52:25.557368" elapsed="0.106712"/>
</kw>
<kw name="Click" owner="Browser">
<msg time="2026-04-27T15:52:25.665761" level="INFO">Clicks the element 'role=button[name="Kirjaudu"]'.</msg>
<arg>role=button[name="Kirjaudu"]</arg>
<tag>PageContent</tag>
<tag>Setter</tag>
<doc>Simulates mouse click on the element found by ``selector``.</doc>
<status status="PASS" start="2026-04-27T15:52:25.664318" elapsed="0.547060"/>
</kw>
<kw name="Wait For Condition" owner="Browser">
<kw name="Get Url" owner="Browser">
<arg>contains</arg>
<arg>auth0.com</arg>
<tag>Assertion</tag>
<tag>Getter</tag>
<tag>PageContent</tag>
<doc>Returns the current URL.</doc>
<status status="PASS" start="2026-04-27T15:52:26.215958" elapsed="0.003918"/>
</kw>
<arg>Url</arg>
<arg>contains</arg>
<arg>auth0.com</arg>
<arg>timeout=15s</arg>
<tag>PageContent</tag>
<tag>Wait</tag>
<doc>Waits for a condition, defined with Browser getter keywords to become True.</doc>
<status status="PASS" start="2026-04-27T15:52:26.211641" elapsed="0.010841"/>
</kw>
<kw name="Fill Text" owner="Browser">
<msg time="2026-04-27T15:52:26.223925" level="INFO">Fills the text 'seminaari.testi@testi.fi' in the given field.</msg>
<arg>role=textbox[name="Email address"]</arg>
<arg>${TEST_USER}</arg>
<tag>PageContent</tag>
<tag>Setter</tag>
<doc>Clears and fills the given ``txt`` into the text field found by ``selector``.</doc>
<status status="PASS" start="2026-04-27T15:52:26.222722" elapsed="0.062463"/>
</kw>
<kw name="Fill Text" owner="Browser">
<msg time="2026-04-27T15:52:26.287300" level="INFO">Fills the text 'Testi123!' in the given field.</msg>
<arg>role=textbox[name="Password"]</arg>
<arg>${TEST_PASS}</arg>
<tag>PageContent</tag>
<tag>Setter</tag>
<doc>Clears and fills the given ``txt`` into the text field found by ``selector``.</doc>
<status status="PASS" start="2026-04-27T15:52:26.285562" elapsed="0.014500"/>
</kw>
<kw name="Click" owner="Browser">
<msg time="2026-04-27T15:52:26.301794" level="INFO">Clicks the element 'role=button[name="Continue"]'.</msg>
<arg>role=button[name="Continue"]</arg>
<tag>PageContent</tag>
<tag>Setter</tag>
<doc>Simulates mouse click on the element found by ``selector``.</doc>
<status status="PASS" start="2026-04-27T15:52:26.300402" elapsed="0.732905"/>
</kw>
<kw name="Wait For Elements State" owner="Browser">
<msg time="2026-04-27T15:52:27.872235" level="INFO">Waited for Element with selector role=link[name="Profiili"] at state visible</msg>
<arg>role=link[name="Profiili"]</arg>
<arg>visible</arg>
<arg>timeout=20s</arg>
<tag>PageContent</tag>
<tag>Wait</tag>
<doc>Waits for the element found by ``selector`` to satisfy state option.</doc>
<status status="PASS" start="2026-04-27T15:52:27.033690" elapsed="0.838777"/>
</kw>
<kw name="Take Screenshot" owner="Browser">
<msg time="2026-04-27T15:52:27.977020" level="INFO" html="true">&lt;/td&gt;&lt;/tr&gt;&lt;tr&gt;&lt;td colspan="3"&gt;&lt;a href="browser/screenshot/2_kirjautunut_sisaan.png" target="_blank"&gt;&lt;img src="browser/screenshot/2_kirjautunut_sisaan.png" width="800px"/&gt;&lt;/a&gt;</msg>
<arg>filename=2_kirjautunut_sisaan</arg>
<tag>PageContent</tag>
<doc>Takes a screenshot of the current window or element and saves it to disk.</doc>
<status status="PASS" start="2026-04-27T15:52:27.872774" elapsed="0.104427"/>
</kw>
<kw name="Click" owner="Browser">
<msg time="2026-04-27T15:52:27.978605" level="INFO">Clicks the element 'role=link[name="Työilmoitukset"]'.</msg>
<arg>role=link[name="Työilmoitukset"]</arg>
<tag>PageContent</tag>
<tag>Setter</tag>
<doc>Simulates mouse click on the element found by ``selector``.</doc>
<status status="PASS" start="2026-04-27T15:52:27.977427" elapsed="0.039141"/>
</kw>
<kw name="Wait For Elements State" owner="Browser">
<msg time="2026-04-27T15:52:28.024622" level="INFO">Waited for Element with selector role=button[name="search Hae tehtäviä"] at state visible</msg>
<arg>role=button[name="search Hae tehtäviä"]</arg>
<arg>visible</arg>
<arg>timeout=15s</arg>
<tag>PageContent</tag>
<tag>Wait</tag>
<doc>Waits for the element found by ``selector`` to satisfy state option.</doc>
<status status="PASS" start="2026-04-27T15:52:28.016810" elapsed="0.007976"/>
</kw>
<kw name="Fill Text" owner="Browser">
<msg time="2026-04-27T15:52:28.026359" level="INFO">Fills the text 'Siivousapua' in the given field.</msg>
<arg>css=[placeholder="Etsi otsikosta tai kuvauksesta..."]</arg>
<arg>Siivousapua</arg>
<tag>PageContent</tag>
<tag>Setter</tag>
<doc>Clears and fills the given ``txt`` into the text field found by ``selector``.</doc>
<status status="PASS" start="2026-04-27T15:52:28.025047" elapsed="0.013962"/>
</kw>
<kw name="Click" owner="Browser">
<msg time="2026-04-27T15:52:28.040725" level="INFO">Clicks the element 'role=button[name="search Hae tehtäviä"]'.</msg>
<arg>role=button[name="search Hae tehtäviä"]</arg>
<tag>PageContent</tag>
<tag>Setter</tag>
<doc>Simulates mouse click on the element found by ``selector``.</doc>
<status status="PASS" start="2026-04-27T15:52:28.039611" elapsed="0.037972"/>
</kw>
<kw name="Sleep" owner="BuiltIn">
<msg time="2026-04-27T15:52:30.078900" level="INFO">Slept 2 seconds.</msg>
<arg>2s</arg>
<doc>Pauses the test executed for the given time.</doc>
<status status="PASS" start="2026-04-27T15:52:28.077817" elapsed="2.001270"/>
</kw>
<kw name="Take Screenshot" owner="Browser">
<msg time="2026-04-27T15:52:30.160198" level="INFO" html="true">&lt;/td&gt;&lt;/tr&gt;&lt;tr&gt;&lt;td colspan="3"&gt;&lt;a href="browser/screenshot/3_haku_suoritettu.png" target="_blank"&gt;&lt;img src="browser/screenshot/3_haku_suoritettu.png" width="800px"/&gt;&lt;/a&gt;</msg>
<arg>filename=3_haku_suoritettu</arg>
<tag>PageContent</tag>
<doc>Takes a screenshot of the current window or element and saves it to disk.</doc>
<status status="PASS" start="2026-04-27T15:52:30.079404" elapsed="0.080965"/>
</kw>
<msg time="2026-04-27T15:52:30.170131" level="INFO">Switching context to context=6746efe2-ce8a-4342-bce7-4baee79f9678 in CURRENT</msg>
<msg time="2026-04-27T15:52:30.174496" level="INFO">Successfully changed active context: context=6746efe2-ce8a-4342-bce7-4baee79f9678</msg>
<msg time="2026-04-27T15:52:30.181670" level="INFO">Successfully closed Context</msg>
<doc>Käy läpi koko pääpolun: etusivu, kirjautuminen ja suodatus.</doc>
<status status="PASS" start="2026-04-27T15:52:24.243505" elapsed="5.917037"/>
</test>
<doc>End-to-End tests for the Gig-Based Job Platform using Playwright.</doc>
<status status="PASS" start="2026-04-27T15:52:24.070506" elapsed="6.111745"/>
</suite>
<statistics>
<total>
<stat pass="1" fail="0" skip="0">All Tests</stat>
</total>
<tag>
</tag>
<suite>
<stat name="Worker Test" id="s1" pass="1" fail="0" skip="0">Worker Test</stat>
</suite>
</statistics>
<errors>
</errors>
</robot>
